INFO:urllib3.connectionpool:Starting new HTTPS connection (1): graph.facebook.com
INFO:urllib3.connectionpool:Starting new HTTPS connection (1): graph.facebook.com
INFO:urllib3.connectionpool:Starting new HTTPS connection (1): graph.facebook.com
INFO:urllib3.connectionpool:Starting new HTTPS connection (1): graph.facebook.com
INFO:root:Shivi
INFO:root:Posted !!
INFO:urllib3.connectionpool:Starting new HTTPS connection (1): graph.facebook.com
INFO:urllib3.connectionpool:Starting new HTTPS connection (1): graph.facebook.com
INFO:root:Chetana
INFO:root:Posted !!
INFO:urllib3.connectionpool:Starting new HTTPS connection (1): graph.facebook.com
INFO:urllib3.connectionpool:Starting new HTTPS connection (1): graph.facebook.com
INFO:root:Kunal
INFO:root:Posted !!
INFO:urllib3.connectionpool:Starting new HTTPS connection (1): graph.facebook.com
INFO:urllib3.connectionpool:Starting new HTTPS connection (1): graph.facebook.com
INFO:root:Meghna
INFO:root:Posted !!
INFO:urllib3.connectionpool:Starting new HTTPS connection (1): graph.facebook.com
INFO:urllib3.connectionpool:Starting new HTTPS connection (1): graph.facebook.com
INFO:root:Mayur
INFO:root:Posted !!
INFO:urllib3.connectionpool:Starting new HTTPS connection (1): graph.facebook.com
INFO:urllib3.connectionpool:Starting new HTTPS connection (1): graph.facebook.com
INFO:root:Shantanu
INFO:root:Posted !!
INFO:urllib3.connectionpool:Starting new HTTPS connection (1): graph.facebook.com
INFO:urllib3.connectionpool:Starting new HTTPS connection (1): graph.facebook.com
INFO:root:Gopal
INFO:root:Posted !!
INFO:urllib3.connectionpool:Starting new HTTPS connection (1): graph.facebook.com
INFO:urllib3.connectionpool:Starting new HTTPS connection (1): graph.facebook.com
INFO:root:Alisha
INFO:root:Posted !!
INFO:urllib3.connectionpool:Starting new HTTPS connection (1): graph.facebook.com
INFO:urllib3.connectionpool:Starting new HTTPS connection (1): graph.facebook.com
INFO:root:Dheer
INFO:root:Posted !!
INFO:urllib3.connectionpool:Starting new HTTPS connection (1): graph.facebook.com
INFO:urllib3.connectionpool:Starting new HTTPS connection (1): graph.facebook.com
INFO:root:Shubhankar
INFO:root:Posted !!
INFO:urllib3.connectionpool:Starting new HTTPS connection (1): graph.facebook.com
INFO:urllib3.connectionpool:Starting new HTTPS connection (1): graph.facebook.com
INFO:root:Leandra
WARNING:root:{"error":{"message":"(#100) Error finding the requested story","type":"OAuthException","code":100}}
INFO:urllib3.connectionpool:Starting new HTTPS connection (1): graph.facebook.com
INFO:urllib3.connectionpool:Starting new HTTPS connection (1): graph.facebook.com
INFO:root:Cyrus
INFO:root:Posted !!
INFO:urllib3.connectionpool:Starting new HTTPS connection (1): graph.facebook.com
INFO:urllib3.connectionpool:Starting new HTTPS connection (1): graph.facebook.com
INFO:root:Nikhil
INFO:root:Posted !!
INFO:urllib3.connectionpool:Starting new HTTPS connection (1): graph.facebook.com
INFO:urllib3.connectionpool:Starting new HTTPS connection (1): graph.facebook.com
INFO:root:Darshan
INFO:root:Posted !!
INFO:urllib3.connectionpool:Starting new HTTPS connection (1): graph.facebook.com
INFO:urllib3.connectionpool:Starting new HTTPS connection (1): graph.facebook.com
INFO:root:Alrex
INFO:root:Posted !!
INFO:urllib3.connectionpool:Starting new HTTPS connection (1): graph.facebook.com
INFO:urllib3.connectionpool:Starting new HTTPS connection (1): graph.facebook.com
INFO:root:Edlebert
INFO:root:Posted !!
INFO:urllib3.connectionpool:Starting new HTTPS connection (1): graph.facebook.com
INFO:urllib3.connectionpool:Starting new HTTPS connection (1): graph.facebook.com
INFO:root:Nehdeep
INFO:root:Posted !!
INFO:urllib3.connectionpool:Starting new HTTPS connection (1): graph.facebook.com
INFO:urllib3.connectionpool:Starting new HTTPS connection (1): graph.facebook.com
INFO:root:Shashank
INFO:root:Posted !!
INFO:urllib3.connectionpool:Starting new HTTPS connection (1): graph.facebook.com
INFO:urllib3.connectionpool:Starting new HTTPS connection (1): graph.facebook.com
INFO:root:Megh
INFO:root:Posted !!
INFO:urllib3.connectionpool:Starting new HTTPS connection (1): graph.facebook.com
INFO:urllib3.connectionpool:Starting new HTTPS connection (1): graph.facebook.com
INFO:root:Prajakta
INFO:root:Posted !!
INFO:urllib3.connectionpool:Starting new HTTPS connection (1): graph.facebook.com
INFO:urllib3.connectionpool:Starting new HTTPS connection (1): graph.facebook.com
INFO:root:Arun
INFO:root:Posted !!
INFO:urllib3.connectionpool:Starting new HTTPS connection (1): graph.facebook.com
INFO:urllib3.connectionpool:Starting new HTTPS connection (1): graph.facebook.com
INFO:root:Raj
INFO:root:Posted !!
INFO:urllib3.connectionpool:Starting new HTTPS connection (1): graph.facebook.com
INFO:urllib3.connectionpool:Starting new HTTPS connection (1): graph.facebook.com
INFO:root:Vinayak
INFO:root:Posted !!
INFO:urllib3.connectionpool:Starting new HTTPS connection (1): graph.facebook.com
INFO:urllib3.connectionpool:Starting new HTTPS connection (1): graph.facebook.com
INFO:root:Vaidya
INFO:root:Posted !!
INFO:urllib3.connectionpool:Starting new HTTPS connection (1): graph.facebook.com
INFO:urllib3.connectionpool:Starting new HTTPS connection (1): graph.facebook.com
INFO:root:Jayesh Sankholkar
INFO:root:Posted !!
INFO:urllib3.connectionpool:Starting new HTTPS connection (1): graph.facebook.com
INFO:urllib3.connectionpool:Starting new HTTPS connection (1): graph.facebook.com
INFO:root:Evan
INFO:root:Posted !!
INFO:urllib3.connectionpool:Starting new HTTPS connection (1): graph.facebook.com
INFO:urllib3.connectionpool:Starting new HTTPS connection (1): graph.facebook.com
INFO:root:Ryan
INFO:root:Posted !!
INFO:urllib3.connectionpool:Starting new HTTPS connection (1): graph.facebook.com
INFO:urllib3.connectionpool:Starting new HTTPS connection (1): graph.facebook.com
INFO:root:Neela
INFO:root:Posted !!
INFO:urllib3.connectionpool:Starting new HTTPS connection (1): graph.facebook.com
INFO:urllib3.connectionpool:Starting new HTTPS connection (1): graph.facebook.com
INFO:root:Nii
INFO:root:Posted !!
INFO:urllib3.connectionpool:Starting new HTTPS connection (1): graph.facebook.com
INFO:urllib3.connectionpool:Starting new HTTPS connection (1): graph.facebook.com
INFO:root:Saurabh
INFO:root:Posted !!
INFO:urllib3.connectionpool:Starting new HTTPS connection (1): graph.facebook.com
INFO:urllib3.connectionpool:Starting new HTTPS connection (1): graph.facebook.com
INFO:root:Rakesh
INFO:root:Posted !!
INFO:urllib3.connectionpool:Starting new HTTPS connection (1): graph.facebook.com
INFO:urllib3.connectionpool:Starting new HTTPS connection (1): graph.facebook.com
INFO:root:Tej
INFO:root:Posted !!
INFO:urllib3.connectionpool:Starting new HTTPS connection (1): graph.facebook.com
INFO:urllib3.connectionpool:Starting new HTTPS connection (1): graph.facebook.com
INFO:root:Clinton
INFO:root:Posted !!
INFO:urllib3.connectionpool:Starting new HTTPS connection (1): graph.facebook.com
INFO:urllib3.connectionpool:Starting new HTTPS connection (1): graph.facebook.com
INFO:root:Nicole
INFO:root:Posted !!
INFO:urllib3.connectionpool:Starting new HTTPS connection (1): graph.facebook.com
INFO:urllib3.connectionpool:Starting new HTTPS connection (1): graph.facebook.com
INFO:root:Anto
INFO:root:Posted !!
INFO:urllib3.connectionpool:Starting new HTTPS connection (1): graph.facebook.com
INFO:urllib3.connectionpool:Starting new HTTPS connection (1): graph.facebook.com
INFO:root:Sagar
INFO:root:Posted !!
INFO:urllib3.connectionpool:Starting new HTTPS connection (1): graph.facebook.com
INFO:urllib3.connectionpool:Starting new HTTPS connection (1): graph.facebook.com
INFO:root:Arzan
INFO:root:Posted !!
INFO:urllib3.connectionpool:Starting new HTTPS connection (1): graph.facebook.com
INFO:urllib3.connectionpool:Starting new HTTPS connection (1): graph.facebook.com
INFO:root:Vishal
INFO:root:Posted !!
INFO:urllib3.connectionpool:Starting new HTTPS connection (1): graph.facebook.com
INFO:urllib3.connectionpool:Starting new HTTPS connection (1): graph.facebook.com
INFO:root:Rishi
INFO:root:Posted !!
INFO:urllib3.connectionpool:Starting new HTTPS connection (1): graph.facebook.com
INFO:urllib3.connectionpool:Starting new HTTPS connection (1): graph.facebook.com
INFO:root:Datson
INFO:root:Posted !!
INFO:urllib3.connectionpool:Starting new HTTPS connection (1): graph.facebook.com
INFO:urllib3.connectionpool:Starting new HTTPS connection (1): graph.facebook.com
INFO:root:Jason
INFO:root:Posted !!
INFO:urllib3.connectionpool:Starting new HTTPS connection (1): graph.facebook.com
INFO:urllib3.connectionpool:Starting new HTTPS connection (1): graph.facebook.com
INFO:root:Shawnel
INFO:root:Posted !!
INFO:urllib3.connectionpool:Starting new HTTPS connection (1): graph.facebook.com
INFO:urllib3.connectionpool:Starting new HTTPS connection (1): graph.facebook.com
INFO:root:Christina
INFO:root:Posted !!
INFO:urllib3.connectionpool:Starting new HTTPS connection (1): graph.facebook.com
INFO:urllib3.connectionpool:Starting new HTTPS connection (1): graph.facebook.com
INFO:root:Shivi
INFO:root:Posted !!
INFO:urllib3.connectionpool:Starting new HTTPS connection (1): graph.facebook.com
INFO:urllib3.connectionpool:Starting new HTTPS connection (1): graph.facebook.com
INFO:root:Anshul
INFO:root:Posted !!
INFO:urllib3.connectionpool:Starting new HTTPS connection (1): graph.facebook.com
INFO:urllib3.connectionpool:Starting new HTTPS connection (1): graph.facebook.com
INFO:root:Michael
INFO:root:Posted !!
INFO:urllib3.connectionpool:Starting new HTTPS connection (1): graph.facebook.com
INFO:urllib3.connectionpool:Starting new HTTPS connection (1): graph.facebook.com
INFO:root:Rahul
INFO:root:Posted !!
INFO:urllib3.connectionpool:Starting new HTTPS connection (1): graph.facebook.com
INFO:urllib3.connectionpool:Starting new HTTPS connection (1): graph.facebook.com
INFO:root:Maria
INFO:root:Posted !!
INFO:urllib3.connectionpool:Starting new HTTPS connection (1): graph.facebook.com
INFO:urllib3.connectionpool:Starting new HTTPS connection (1): graph.facebook.com
INFO:root:Varun
INFO:root:Posted !!
INFO:urllib3.connectionpool:Starting new HTTPS connection (1): graph.facebook.com
INFO:urllib3.connectionpool:Starting new HTTPS connection (1): graph.facebook.com
INFO:root:Vivian
INFO:root:Posted !!
INFO:urllib3.connectionpool:Starting new HTTPS connection (1): graph.facebook.com
INFO:urllib3.connectionpool:Starting new HTTPS connection (1): graph.facebook.com
INFO:root:Monikka
INFO:root:Posted !!
INFO:urllib3.connectionpool:Starting new HTTPS connection (1): graph.facebook.com
INFO:urllib3.connectionpool:Starting new HTTPS connection (1): graph.facebook.com
INFO:root:Jigyasa
WARNING:root:{"error":{"message":"(#100) Error finding the requested story","type":"OAuthException","code":100}}
INFO:urllib3.connectionpool:Starting new HTTPS connection (1): graph.facebook.com
INFO:urllib3.connectionpool:Starting new HTTPS connection (1): graph.facebook.com
INFO:root:Manasi
INFO:root:Posted !!
INFO:urllib3.connectionpool:Starting new HTTPS connection (1): graph.facebook.com
INFO:urllib3.connectionpool:Starting new HTTPS connection (1): graph.facebook.com
INFO:root:Arnold
INFO:root:Posted !!
INFO:urllib3.connectionpool:Starting new HTTPS connection (1): graph.facebook.com
INFO:urllib3.connectionpool:Starting new HTTPS connection (1): graph.facebook.com
INFO:root:Rhea
INFO:root:Posted !!
INFO:urllib3.connectionpool:Starting new HTTPS connection (1): graph.facebook.com
INFO:urllib3.connectionpool:Starting new HTTPS connection (1): graph.facebook.com
INFO:root:Mounil
INFO:root:Posted !!
INFO:urllib3.connectionpool:Starting new HTTPS connection (1): graph.facebook.com
INFO:urllib3.connectionpool:Starting new HTTPS connection (1): graph.facebook.com
INFO:root:Nathan
INFO:root:Posted !!
INFO:urllib3.connectionpool:Starting new HTTPS connection (1): graph.facebook.com
INFO:urllib3.connectionpool:Starting new HTTPS connection (1): graph.facebook.com
INFO:root:Leviya
INFO:root:Posted !!
INFO:urllib3.connectionpool:Starting new HTTPS connection (1): graph.facebook.com
INFO:urllib3.connectionpool:Starting new HTTPS connection (1): graph.facebook.com
INFO:root:Natasha
INFO:root:Posted !!
INFO:urllib3.connectionpool:Starting new HTTPS connection (1): graph.facebook.com
INFO:urllib3.connectionpool:Starting new HTTPS connection (1): graph.facebook.com
INFO:root:Rijuman
INFO:root:Posted !!
INFO:urllib3.connectionpool:Starting new HTTPS connection (1): graph.facebook.com
INFO:urllib3.connectionpool:Starting new HTTPS connection (1): graph.facebook.com
INFO:root:Aman
INFO:root:Posted !!
INFO:urllib3.connectionpool:Starting new HTTPS connection (1): graph.facebook.com
INFO:urllib3.connectionpool:Starting new HTTPS connection (1): graph.facebook.com
INFO:root:Prateik
INFO:root:Posted !!
INFO:urllib3.connectionpool:Starting new HTTPS connection (1): graph.facebook.com
INFO:urllib3.connectionpool:Starting new HTTPS connection (1): graph.facebook.com
INFO:root:Balasaheb
INFO:root:Posted !!
INFO:urllib3.connectionpool:Starting new HTTPS connection (1): graph.facebook.com
INFO:urllib3.connectionpool:Starting new HTTPS connection (1): graph.facebook.com
INFO:root:Steffi
INFO:root:Posted !!
INFO:urllib3.connectionpool:Starting new HTTPS connection (1): graph.facebook.com
INFO:urllib3.connectionpool:Starting new HTTPS connection (1): graph.facebook.com
INFO:root:Paullomi
INFO:root:Posted !!
INFO:urllib3.connectionpool:Starting new HTTPS connection (1): graph.facebook.com
INFO:urllib3.connectionpool:Starting new HTTPS connection (1): graph.facebook.com
INFO:root:Omkar
INFO:root:Posted !!
INFO:urllib3.connectionpool:Starting new HTTPS connection (1): graph.facebook.com
INFO:urllib3.connectionpool:Starting new HTTPS connection (1): graph.facebook.com
INFO:root:Gejo
INFO:root:Posted !!
INFO:urllib3.connectionpool:Starting new HTTPS connection (1): graph.facebook.com
INFO:urllib3.connectionpool:Starting new HTTPS connection (1): graph.facebook.com
INFO:root:Diana
INFO:root:Posted !!
INFO:urllib3.connectionpool:Starting new HTTPS connection (1): graph.facebook.com
INFO:urllib3.connectionpool:Starting new HTTPS connection (1): graph.facebook.com
INFO:root:Hrushi
INFO:root:Posted !!
INFO:urllib3.connectionpool:Starting new HTTPS connection (1): graph.facebook.com
INFO:urllib3.connectionpool:Starting new HTTPS connection (1): graph.facebook.com
INFO:root:Joseph
INFO:root:Posted !!
INFO:urllib3.connectionpool:Starting new HTTPS connection (1): graph.facebook.com
INFO:urllib3.connectionpool:Starting new HTTPS connection (1): graph.facebook.com
INFO:root:Aniket
INFO:root:Posted !!
INFO:urllib3.connectionpool:Starting new HTTPS connection (1): graph.facebook.com
INFO:urllib3.connectionpool:Starting new HTTPS connection (1): graph.facebook.com
INFO:root:Janhavi
INFO:root:Posted !!
INFO:urllib3.connectionpool:Starting new HTTPS connection (1): graph.facebook.com
INFO:urllib3.connectionpool:Starting new HTTPS connection (1): graph.facebook.com
INFO:root:Yogesh
INFO:root:Posted !!
INFO:urllib3.connectionpool:Starting new HTTPS connection (1): graph.facebook.com
INFO:urllib3.connectionpool:Starting new HTTPS connection (1): graph.facebook.com
INFO:root:Vinsha
INFO:root:Posted !!
INFO:urllib3.connectionpool:Starting new HTTPS connection (1): graph.facebook.com
INFO:urllib3.connectionpool:Starting new HTTPS connection (1): graph.facebook.com
INFO:root:Saurabh
INFO:root:Posted !!
INFO:urllib3.connectionpool:Starting new HTTPS connection (1): graph.facebook.com
INFO:urllib3.connectionpool:Starting new HTTPS connection (1): graph.facebook.com
INFO:root:Suraj
INFO:root:Posted !!
INFO:urllib3.connectionpool:Starting new HTTPS connection (1): graph.facebook.com
INFO:urllib3.connectionpool:Starting new HTTPS connection (1): graph.facebook.com
INFO:root:Giselle
INFO:root:Posted !!
INFO:urllib3.connectionpool:Starting new HTTPS connection (1): graph.facebook.com
INFO:urllib3.connectionpool:Starting new HTTPS connection (1): graph.facebook.com
INFO:root:Vikram
INFO:root:Posted !!
INFO:urllib3.connectionpool:Starting new HTTPS connection (1): graph.facebook.com
INFO:urllib3.connectionpool:Starting new HTTPS connection (1): graph.facebook.com
INFO:root:Mukesh
INFO:root:Posted !!
INFO:urllib3.connectionpool:Starting new HTTPS connection (1): graph.facebook.com
INFO:urllib3.connectionpool:Starting new HTTPS connection (1): graph.facebook.com
INFO:root:Avinash
INFO:root:Posted !!
INFO:urllib3.connectionpool:Starting new HTTPS connection (1): graph.facebook.com
INFO:urllib3.connectionpool:Starting new HTTPS connection (1): graph.facebook.com
INFO:root:Akki
INFO:root:Posted !!
INFO:urllib3.connectionpool:Starting new HTTPS connection (1): graph.facebook.com
INFO:urllib3.connectionpool:Starting new HTTPS connection (1): graph.facebook.com
INFO:root:Bertram
INFO:root:Posted !!
INFO:urllib3.connectionpool:Starting new HTTPS connection (1): graph.facebook.com
INFO:urllib3.connectionpool:Starting new HTTPS connection (1): graph.facebook.com
INFO:root:Aman
INFO:root:Posted !!
INFO:urllib3.connectionpool:Starting new HTTPS connection (1): graph.facebook.com
INFO:urllib3.connectionpool:Starting new HTTPS connection (1): graph.facebook.com
INFO:root:Rahul
INFO:root:Posted !!
INFO:urllib3.connectionpool:Starting new HTTPS connection (1): graph.facebook.com
INFO:urllib3.connectionpool:Starting new HTTPS connection (1): graph.facebook.com
INFO:root:Vicky
INFO:root:Posted !!
INFO:urllib3.connectionpool:Starting new HTTPS connection (1): graph.facebook.com
INFO:urllib3.connectionpool:Starting new HTTPS connection (1): graph.facebook.com
INFO:root:Sahadev
INFO:root:Posted !!
